CRITICAL - 2023-02-20 04:17:20 --> syntax error, unexpected '$routes' (T_VARIABLE)
in APPPATH\Config\Routes.php on line 34.
 1 SYSTEMPATH\CodeIgniter.php(802): CodeIgniter\Router\RouteCollection->loadRoutes()
 2 SYSTEMPATH\CodeIgniter.php(449): CodeIgniter\CodeIgniter->tryToRouteIt(null)
 3 SYSTEMPATH\CodeIgniter.php(368): CodeIgniter\CodeIgniter->handleRequest(null, Object(Config\Cache), false)
 4 FCPATH\index.php(67): CodeIgniter\CodeIgniter->run()
CRITICAL - 2023-02-20 04:17:31 --> Undefined variable: route
in APPPATH\Config\Routes.php on line 33.
 1 APPPATH\Config\Routes.php(33): CodeIgniter\Debug\Exceptions->errorHandler(8, 'Undefined variable: route', 'APPPATH\\Config\\Routes.php', 33, [...])
 2 SYSTEMPATH\Router\RouteCollection.php(266): require('APPPATH\\Config\\Routes.php')
 3 SYSTEMPATH\CodeIgniter.php(802): CodeIgniter\Router\RouteCollection->loadRoutes()
 4 SYSTEMPATH\CodeIgniter.php(449): CodeIgniter\CodeIgniter->tryToRouteIt(null)
 5 SYSTEMPATH\CodeIgniter.php(368): CodeIgniter\CodeIgniter->handleRequest(null, Object(Config\Cache), false)
 6 FCPATH\index.php(67): CodeIgniter\CodeIgniter->run()
CRITICAL - 2023-02-20 04:47:16 --> Use of undefined constant count - assumed 'count' (this will throw an Error in a future version of PHP)
in APPPATH\Controllers\Auth.php on line 15.
 1 APPPATH\Controllers\Auth.php(15): CodeIgniter\Debug\Exceptions->errorHandler(2, 'Use of undefined constant count - assumed \'count\' (this will throw an Error in a future version of PHP)', 'APPPATH\\Controllers\\Auth.php', 15, [])
 2 SYSTEMPATH\CodeIgniter.php(934): App\Controllers\Auth->index()
 3 SYSTEMPATH\CodeIgniter.php(499): CodeIgniter\CodeIgniter->runController(Object(App\Controllers\Auth))
 4 SYSTEMPATH\CodeIgniter.php(368): CodeIgniter\CodeIgniter->handleRequest(null, Object(Config\Cache), false)
 5 FCPATH\index.php(67): CodeIgniter\CodeIgniter->run()
CRITICAL - 2023-02-20 04:58:09 --> syntax error, unexpected '}'
in APPPATH\Controllers\Auth.php on line 23.
 1 SYSTEMPATH\Autoloader\Autoloader.php(289): CodeIgniter\Autoloader\Autoloader->includeFile('APPPATH\\Controllers\\Auth.php')
 2 SYSTEMPATH\Autoloader\Autoloader.php(267): CodeIgniter\Autoloader\Autoloader->loadInNamespace('App\\Controllers\\Auth')
 3 [internal function]: CodeIgniter\Autoloader\Autoloader->loadClass('App\\Controllers\\Auth')
 4 [internal function]: spl_autoload_call('App\\Controllers\\Auth')
 5 SYSTEMPATH\CodeIgniter.php(892): class_exists('\\App\\Controllers\\Auth', true)
 6 SYSTEMPATH\CodeIgniter.php(486): CodeIgniter\CodeIgniter->startController()
 7 SYSTEMPATH\CodeIgniter.php(368): CodeIgniter\CodeIgniter->handleRequest(null, Object(Config\Cache), false)
 8 FCPATH\index.php(67): CodeIgniter\CodeIgniter->run()
CRITICAL - 2023-02-20 04:58:22 --> Call to undefined function form_label()
in APPPATH\Views\auth\login.php on line 9.
 1 SYSTEMPATH\View\View.php(213): include()
 2 SYSTEMPATH\View\View.php(216): CodeIgniter\View\View->CodeIgniter\View\{closure}()
 3 SYSTEMPATH\Common.php(1177): CodeIgniter\View\View->render('auth/login', [], true)
 4 APPPATH\Controllers\Auth.php(12): view('auth/login')
 5 SYSTEMPATH\CodeIgniter.php(934): App\Controllers\Auth->index()
 6 SYSTEMPATH\CodeIgniter.php(499): CodeIgniter\CodeIgniter->runController(Object(App\Controllers\Auth))
 7 SYSTEMPATH\CodeIgniter.php(368): CodeIgniter\CodeIgniter->handleRequest(null, Object(Config\Cache), false)
 8 FCPATH\index.php(67): CodeIgniter\CodeIgniter->run()
CRITICAL - 2023-02-20 04:58:50 --> Call to undefined function form_label()
in APPPATH\Views\auth\login.php on line 9.
 1 SYSTEMPATH\View\View.php(213): include()
 2 SYSTEMPATH\View\View.php(216): CodeIgniter\View\View->CodeIgniter\View\{closure}()
 3 SYSTEMPATH\Common.php(1177): CodeIgniter\View\View->render('auth/login', [], true)
 4 APPPATH\Controllers\Auth.php(14): view('auth/login')
 5 SYSTEMPATH\CodeIgniter.php(934): App\Controllers\Auth->index()
 6 SYSTEMPATH\CodeIgniter.php(499): CodeIgniter\CodeIgniter->runController(Object(App\Controllers\Auth))
 7 SYSTEMPATH\CodeIgniter.php(368): CodeIgniter\CodeIgniter->handleRequest(null, Object(Config\Cache), false)
 8 FCPATH\index.php(67): CodeIgniter\CodeIgniter->run()
CRITICAL - 2023-02-20 04:59:24 --> Call to undefined function form_label()
in APPPATH\Views\auth\login.php on line 9.
 1 SYSTEMPATH\View\View.php(213): include()
 2 SYSTEMPATH\View\View.php(216): CodeIgniter\View\View->CodeIgniter\View\{closure}()
 3 SYSTEMPATH\Common.php(1177): CodeIgniter\View\View->render('auth/login', [], true)
 4 APPPATH\Controllers\Auth.php(14): view('auth/login')
 5 SYSTEMPATH\CodeIgniter.php(934): App\Controllers\Auth->index()
 6 SYSTEMPATH\CodeIgniter.php(499): CodeIgniter\CodeIgniter->runController(Object(App\Controllers\Auth))
 7 SYSTEMPATH\CodeIgniter.php(368): CodeIgniter\CodeIgniter->handleRequest(null, Object(Config\Cache), false)
 8 FCPATH\index.php(67): CodeIgniter\CodeIgniter->run()
CRITICAL - 2023-02-20 10:29:06 --> Invalid file: "register.php"
in SYSTEMPATH\Exceptions\FrameworkException.php on line 33.
 1 SYSTEMPATH\View\View.php(201): CodeIgniter\Exceptions\FrameworkException::forInvalidFile('register.php')
 2 SYSTEMPATH\Common.php(1177): CodeIgniter\View\View->render('register', [], true)
 3 APPPATH\Controllers\Auth.php(33): view('register')
 4 SYSTEMPATH\CodeIgniter.php(934): App\Controllers\Auth->register()
 5 SYSTEMPATH\CodeIgniter.php(499): CodeIgniter\CodeIgniter->runController(Object(App\Controllers\Auth))
 6 SYSTEMPATH\CodeIgniter.php(368): CodeIgniter\CodeIgniter->handleRequest(null, Object(Config\Cache), false)
 7 FCPATH\index.php(67): CodeIgniter\CodeIgniter->run()
CRITICAL - 2023-02-20 13:03:25 --> syntax error, unexpected ']'
in APPPATH\Controllers\Auth.php on line 61.
 1 SYSTEMPATH\Autoloader\Autoloader.php(289): CodeIgniter\Autoloader\Autoloader->includeFile('APPPATH\\Controllers\\Auth.php')
 2 SYSTEMPATH\Autoloader\Autoloader.php(267): CodeIgniter\Autoloader\Autoloader->loadInNamespace('App\\Controllers\\Auth')
 3 [internal function]: CodeIgniter\Autoloader\Autoloader->loadClass('App\\Controllers\\Auth')
 4 [internal function]: spl_autoload_call('App\\Controllers\\Auth')
 5 SYSTEMPATH\CodeIgniter.php(892): class_exists('\\App\\Controllers\\Auth', true)
 6 SYSTEMPATH\CodeIgniter.php(486): CodeIgniter\CodeIgniter->startController()
 7 SYSTEMPATH\CodeIgniter.php(368): CodeIgniter\CodeIgniter->handleRequest(null, Object(Config\Cache), false)
 8 FCPATH\index.php(67): CodeIgniter\CodeIgniter->run()
CRITICAL - 2023-02-20 14:10:28 --> syntax error, unexpected ']'
in APPPATH\Controllers\Auth.php on line 61.
 1 SYSTEMPATH\Autoloader\Autoloader.php(289): CodeIgniter\Autoloader\Autoloader->includeFile('APPPATH\\Controllers\\Auth.php')
 2 SYSTEMPATH\Autoloader\Autoloader.php(267): CodeIgniter\Autoloader\Autoloader->loadInNamespace('App\\Controllers\\Auth')
 3 [internal function]: CodeIgniter\Autoloader\Autoloader->loadClass('App\\Controllers\\Auth')
 4 [internal function]: spl_autoload_call('App\\Controllers\\Auth')
 5 SYSTEMPATH\CodeIgniter.php(892): class_exists('\\App\\Controllers\\Auth', true)
 6 SYSTEMPATH\CodeIgniter.php(486): CodeIgniter\CodeIgniter->startController()
 7 SYSTEMPATH\CodeIgniter.php(368): CodeIgniter\CodeIgniter->handleRequest(null, Object(Config\Cache), false)
 8 FCPATH\index.php(67): CodeIgniter\CodeIgniter->run()
CRITICAL - 2023-02-20 16:55:03 --> Call to a member function getErrors() on null
in APPPATH\Controllers\Auth.php on line 68.
 1 SYSTEMPATH\CodeIgniter.php(934): App\Controllers\Auth->register()
 2 SYSTEMPATH\CodeIgniter.php(499): CodeIgniter\CodeIgniter->runController(Object(App\Controllers\Auth))
 3 SYSTEMPATH\CodeIgniter.php(368): CodeIgniter\CodeIgniter->handleRequest(null, Object(Config\Cache), false)
 4 FCPATH\index.php(67): CodeIgniter\CodeIgniter->run()
CRITICAL - 2023-02-20 16:55:22 --> Undefined variable: data
in APPPATH\Controllers\Auth.php on line 68.
 1 APPPATH\Controllers\Auth.php(68): CodeIgniter\Debug\Exceptions->errorHandler(8, 'Undefined variable: data', 'APPPATH\\Controllers\\Auth.php', 68, [])
 2 SYSTEMPATH\CodeIgniter.php(934): App\Controllers\Auth->register()
 3 SYSTEMPATH\CodeIgniter.php(499): CodeIgniter\CodeIgniter->runController(Object(App\Controllers\Auth))
 4 SYSTEMPATH\CodeIgniter.php(368): CodeIgniter\CodeIgniter->handleRequest(null, Object(Config\Cache), false)
 5 FCPATH\index.php(67): CodeIgniter\CodeIgniter->run()
CRITICAL - 2023-02-20 16:56:30 --> Argument 2 passed to CodeIgniter\Validation\StrictRules\Rules::matches() must be of the type string, null given, called in C:\wamp64\www\codeigniter4\system\Validation\Validation.php on line 311
in SYSTEMPATH\Validation\StrictRules\Rules.php on line 251.
 1 SYSTEMPATH\Validation\Validation.php(311): CodeIgniter\Validation\StrictRules\Rules->matches('1234', null)
 2 SYSTEMPATH\Validation\Validation.php(170): CodeIgniter\Validation\Validation->processRules('cpassword', 'cpassword', '1234', [...], [...])
 3 SYSTEMPATH\Controller.php(155): CodeIgniter\Validation\Validation->run([...], null, null)
 4 APPPATH\Controllers\Auth.php(41): CodeIgniter\Controller->validateData([...], [...])
 5 SYSTEMPATH\CodeIgniter.php(934): App\Controllers\Auth->register()
 6 SYSTEMPATH\CodeIgniter.php(499): CodeIgniter\CodeIgniter->runController(Object(App\Controllers\Auth))
 7 SYSTEMPATH\CodeIgniter.php(368): CodeIgniter\CodeIgniter->handleRequest(null, Object(Config\Cache), false)
 8 FCPATH\index.php(67): CodeIgniter\CodeIgniter->run()
CRITICAL - 2023-02-20 17:04:18 --> Array to string conversion
in APPPATH\Views\auth\register.php on line 5.
 1 APPPATH\Views\auth\register.php(5): CodeIgniter\Debug\Exceptions->errorHandler(8, 'Array to string conversion', 'APPPATH\\Views\\auth\\register.php', 5, [...])
 2 SYSTEMPATH\View\View.php(213): include('APPPATH\\Views\\auth\\register.php')
 3 SYSTEMPATH\View\View.php(216): CodeIgniter\View\View->CodeIgniter\View\{closure}()
 4 SYSTEMPATH\Common.php(1177): CodeIgniter\View\View->render('auth/register', [], true)
 5 APPPATH\Controllers\Auth.php(65): view('auth/register', [...])
 6 SYSTEMPATH\CodeIgniter.php(934): App\Controllers\Auth->register()
 7 SYSTEMPATH\CodeIgniter.php(499): CodeIgniter\CodeIgniter->runController(Object(App\Controllers\Auth))
 8 SYSTEMPATH\CodeIgniter.php(368): CodeIgniter\CodeIgniter->handleRequest(null, Object(Config\Cache), false)
 9 FCPATH\index.php(67): CodeIgniter\CodeIgniter->run()
INFO - 2023-02-20 17:16:18 --> Session: Class initialized using 'CodeIgniter\Session\Handlers\FileHandler' driver.
INFO - 2023-02-20 17:17:09 --> Session: Class initialized using 'CodeIgniter\Session\Handlers\FileHandler' driver.
INFO - 2023-02-20 17:17:33 --> Session: Class initialized using 'CodeIgniter\Session\Handlers\FileHandler' driver.
INFO - 2023-02-20 17:18:13 --> Session: Class initialized using 'CodeIgniter\Session\Handlers\FileHandler' driver.
